

Graph 0:

     [=]
      |
   |-----|
   |     |
 id(A) c(20)


Graph 1:

               [;]
                |
        |----------------|
        |                |
       [=]              [=]
        |                |
   |-------|        |-------|
   |       |        |       |
 id(B)    [/]     id(C)    [*]
           |                |
         |----|          |----|
         |    |          |    |
       c(30) c(2)       c(8) c(9)


Graph 2:

 writeln
    |
   |-
   |
 id(A)


Graph 3:

 writeln
    |
   |-
   |
 id(B)


Graph 4:

 writeln
    |
   |-
   |
 id(C)


Graph 5:

     [=]
      |
   |-----|
   |     |
 id(D) c(90)


Graph 6:

 writeln
    |
   |-
   |
 id(D)


Graph 7:

     [=]
      |
   |-----|
   |     |
 id(A) c(37)


Graph 8:

 writeln
    |
   |-
   |
 id(A)


Graph 9:

     [=]
      |
   |-----|
   |     |
 id(A) c(165)


Graph 10:

 writeln
    |
   |-
   |
 id(A)


Graph 11:

     [=]
      |
   |-----|
   |     |
 id(A) c(165)


Graph 12:

 writeln
    |
   |-
   |
 id(A)


Graph 13:

     [=]
      |
   |-----|
   |     |
 id(A) c(67)


Graph 14:

    [=]
     |
   |----|
   |    |
 id(B) c(7)


Graph 15:

   writeln
      |
      |
      |
     [+]
      |
   |-----|
   |     |
 id(A) id(B)


Graph 16:

     [=]
      |
   |-----|
   |     |
 id(A) c(67)


Graph 17:

    [=]
     |
   |----|
   |    |
 id(B) [_]
        |
        |
        |
       c(7)


Graph 18:

   writeln
      |
      |
      |
     [+]
      |
   |-----|
   |     |
 id(A) id(B)


Graph 19:

     [=]
      |
   |-----|
   |     |
 id(A) c(67)


Graph 20:

    [=]
     |
   |----|
   |    |
 id(B) c(7)


Graph 21:

   writeln
      |
      |
      |
     [+]
      |
   |-----|
   |     |
 id(A) id(B)


Graph 22:

    [=]
     |
   |----|
   |    |
 id(A) c(5)


Graph 23:

 [VARIABLE++]
      |
   |---
   |
 id(A)


Graph 24:

 writeln
    |
   |-
   |
 id(A)


Graph 25:

    [=]
     |
   |----|
   |    |
 id(A) c(5)


Graph 26:

 [--VARIABLE]
      |
   |---
   |
 id(A)


Graph 27:

 writeln
    |
   |-
   |
 id(A)


Graph 28:

    [=]
     |
   |----|
   |    |
 id(A) c(5)


Graph 29:

        [=]
         |
   |--------|
   |        |
 id(B) [VARIABLE++]
            |
         |---
         |
       id(A)


Graph 30:

 writeln
    |
   |-
   |
 id(A)


Graph 31:

 writeln
    |
   |-
   |
 id(B)


Graph 32:

    [=]
     |
   |----|
   |    |
 id(A) c(5)


Graph 33:

        [=]
         |
   |--------|
   |        |
 id(B) [++VARIABLE]
            |
         |---
         |
       id(A)


Graph 34:

 writeln
    |
   |-
   |
 id(A)


Graph 35:

 writeln
    |
   |-
   |
 id(B)


Graph 36:

        [=]
         |
   |--------|
   |        |
 id(A)     [_]
            |
            |
            |
       c(89.699997)


Graph 37:

        [=]
         |
   |--------|
   |        |
 id(B) c(0.560000)


Graph 38:

   writeln
      |
      |
      |
     [*]
      |
   |-----|
   |     |
 id(A) id(B)


Graph 39:

    [=]
     |
   |----|
   |    |
 id(A) c(6)


Graph 40:

    [/=]
     |
   |----|
   |    |
 id(A) c(2)


Graph 41:

 writeln
    |
   |-
   |
 id(A)


Graph 42:

    [=]
     |
   |----|
   |    |
 id(A) c(6)


Graph 43:

    [*=]
     |
   |----|
   |    |
 id(A) c(2)


Graph 44:

 writeln
    |
   |-
   |
 id(A)


Graph 45:

    [=]
     |
   |----|
   |    |
 id(A) c(5)


Graph 46:

       [=]
        |
   |-------|
   |       |
 id(B)    [*]
           |
        |----|
        |    |
       c(2) c(5)


Graph 47:

                while
                  |
     |-----------------|
     |                 |
    [>]                {}
     |                 |
   |----|              |
   |    |              |
 id(A) c(0)           [;]
                       |
                   |------------|
                   |            |
                  [=]        writeln
                   |            |
              |-------|        |-
              |       |        |
            id(A)    [-]     id(A)
                      |
                    |----|
                    |    |
                  id(A) c(1)


Graph 48:

           [;]
            |
      |-----------|
      |           |
     [=]         [=]
      |           |
   |-----|     |-----|
   |     |     |     |
 id(A) c(10) id(B) c(20)


Graph 49:

                            while
                              |
     |------------------------------|
     |                              |
    [>=]                           {}
     |                              |
   |----|                           |
   |    |                           |
 id(A) c(0)                        [;]
                                    |
                                |------------------------|
                                |                        |
                               [;]                    writeln
                                |                        |
                            |--------------------|      |-
                            |                    |      |
                           [;]                writeln id(B)
                            |                    |
                   |----------------|           |-
                   |                |           |
                  [=]              [=]        id(A)
                   |                |
              |-------|        |-------|
              |       |        |       |
            id(A)    [-]     id(B)    [-]
                      |                |
                    |----|           |----|
                    |    |           |    |
                  id(A) c(2)       id(B) c(4)


Graph 50:

     [=]
      |
   |-----|
   |     |
 id(A) c(100)


Graph 51:

 writeln
    |
   |-
   |
 id(A)


Graph 52:

                   {}
                   |
                   |
                   |
                  [;]
                   |
               |-------------------|
               |                   |
              [;]               writeln
               |                   |
      |--------------|            |-
      |              |            |
     [=]            [=]         id(A)
      |              |
   |-----|     |--------|
   |     |     |        |
 id(A) c(20) id(A)     [-]
                        |
                     |-----|
                     |     |
                   id(A) c(100)


Graph 53:

    [=]
     |
   |----|
   |    |
 id(A) c(3)


Graph 54:

                  switch
                    |
   |-------------------|
   |                   |
 id(A)                [;]
                       |
                 |----------------|
                 |                |
                [;]              case
                 |                |
           |----------|       |------|
           |          |       |      |
          case       case    c(3) writeln
           |          |              |
        |-----|    |-----|          |-
        |     |    |     |          |
       c(1) break c(2) break      id(A)


Graph 55:

    [=]
     |
   |----|
   |    |
 id(A) c(4)


Graph 56:

                     switch
                       |
   |------------------|--------------------|
   |                  |                    |
 id(A)               [;]                default
                      |                    |
                 |---------------|         |
                 |               |         |
                [;]             case    writeln
                 |               |         |
           |----------|       |-----|     |-
           |          |       |     |     |
          case       case    c(3) break id(A)
           |          |
        |-----|    |-----|
        |     |    |     |
       c(1) break c(2) break
